Performing C SOURCE FILE Test CMAKE_HAVE_LIBC_PTHREAD failed with the following output:
Change Dir: /home/ubuntu/CLionProjects/gboho_guindo_baudot_mbelek/cmake-build-debug/CMakeFiles/CMakeTmp

Run Build Command(s):/usr/bin/make cmTC_3bed8/fast && /usr/bin/make -f CMakeFiles/cmTC_3bed8.dir/build.make CMakeFiles/cmTC_3bed8.dir/build
make[1] : on entre dans le répertoire « /home/ubuntu/CLionProjects/gboho_guindo_baudot_mbelek/cmake-build-debug/CMakeFiles/CMakeTmp »
Building C object CMakeFiles/cmTC_3bed8.dir/src.c.o
/usr/bin/cc   -DCMAKE_HAVE_LIBC_PTHREAD   -o CMakeFiles/cmTC_3bed8.dir/src.c.o   -c /home/ubuntu/CLionProjects/gboho_guindo_baudot_mbelek/cmake-build-debug/CMakeFiles/CMakeTmp/src.c
Linking C executable cmTC_3bed8
/home/ubuntu/Téléchargements/CLion-2019.3.5/clion-2019.3.5/bin/cmake/linux/bin/cmake -E cmake_link_script CMakeFiles/cmTC_3bed8.dir/link.txt --verbose=1
/usr/bin/cc  -DCMAKE_HAVE_LIBC_PTHREAD    CMakeFiles/cmTC_3bed8.dir/src.c.o  -o cmTC_3bed8 
CMakeFiles/cmTC_3bed8.dir/src.c.o : Dans la fonction « main » :
src.c:(.text+0x3e) : référence indéfinie vers « pthread_create »
src.c:(.text+0x4a) : référence indéfinie vers « pthread_detach »
src.c:(.text+0x5b) : référence indéfinie vers « pthread_join »
src.c:(.text+0x6f) : référence indéfinie vers « pthread_atfork »
collect2: error: ld returned 1 exit status
CMakeFiles/cmTC_3bed8.dir/build.make:86: recipe for target 'cmTC_3bed8' failed
make[1]: *** [cmTC_3bed8] Error 1
make[1] : on quitte le répertoire « /home/ubuntu/CLionProjects/gboho_guindo_baudot_mbelek/cmake-build-debug/CMakeFiles/CMakeTmp »
Makefile:121: recipe for target 'cmTC_3bed8/fast' failed
make: *** [cmTC_3bed8/fast] Error 2


Source file was:
#include <pthread.h>

void* test_func(void* data)
{
  return data;
}

int main(void)
{
  pthread_t thread;
  pthread_create(&thread, NULL, test_func, NULL);
  pthread_detach(thread);
  pthread_join(thread, NULL);
  pthread_atfork(NULL, NULL, NULL);
  pthread_exit(NULL);

  return 0;
}

Determining if the function pthread_create exists in the pthreads failed with the following output:
Change Dir: /home/ubuntu/CLionProjects/gboho_guindo_baudot_mbelek/cmake-build-debug/CMakeFiles/CMakeTmp

Run Build Command(s):/usr/bin/make cmTC_90d13/fast && /usr/bin/make -f CMakeFiles/cmTC_90d13.dir/build.make CMakeFiles/cmTC_90d13.dir/build
make[1] : on entre dans le répertoire « /home/ubuntu/CLionProjects/gboho_guindo_baudot_mbelek/cmake-build-debug/CMakeFiles/CMakeTmp »
Building C object CMakeFiles/cmTC_90d13.dir/CheckFunctionExists.c.o
/usr/bin/cc   -DCHECK_FUNCTION_EXISTS=pthread_create   -o CMakeFiles/cmTC_90d13.dir/CheckFunctionExists.c.o   -c /home/ubuntu/Téléchargements/CLion-2019.3.5/clion-2019.3.5/bin/cmake/linux/share/cmake-3.15/Modules/CheckFunctionExists.c
Linking C executable cmTC_90d13
/home/ubuntu/Téléchargements/CLion-2019.3.5/clion-2019.3.5/bin/cmake/linux/bin/cmake -E cmake_link_script CMakeFiles/cmTC_90d13.dir/link.txt --verbose=1
/usr/bin/cc  -DCHECK_FUNCTION_EXISTS=pthread_create    CMakeFiles/cmTC_90d13.dir/CheckFunctionExists.c.o  -o cmTC_90d13 -lpthreads 
/usr/bin/ld : ne peut trouver -lpthreads
collect2: error: ld returned 1 exit status
CMakeFiles/cmTC_90d13.dir/build.make:86: recipe for target 'cmTC_90d13' failed
make[1]: *** [cmTC_90d13] Error 1
make[1] : on quitte le répertoire « /home/ubuntu/CLionProjects/gboho_guindo_baudot_mbelek/cmake-build-debug/CMakeFiles/CMakeTmp »
Makefile:121: recipe for target 'cmTC_90d13/fast' failed
make: *** [cmTC_90d13/fast] Error 2



